# JRE version: Java(TM) SE Runtime Environment (17.0.5+9) (build 17.0.5+9-LTS-191)
# Java VM: Java HotSpot(TM) 64-Bit Server VM (17.0.5+9-LTS-191, mixed mode, sharing, tiered, compressed oops, compressed class ptrs, g1 gc, linux-amd64)
Heap:
 garbage-first heap   total 765952K, used 606008K [0x0000000718800000, 0x0000000800000000)
  region size 2048K, 209 young (428032K), 5 survivors (10240K)
 Metaspace       used 31430K, committed 31808K, reserved 1081344K
  class space    used 4108K, committed 4288K, reserved 1048576K
GC Heap History (20 events):
Event: 38.340 GC heap before
{Heap before GC invocations=16 (full 0):
 garbage-first heap   total 151552K, used 73610K [0x0000000718800000, 0x0000000800000000)
  region size 2048K, 6 young (12288K), 3 survivors (6144K)
 Metaspace       used 29970K, committed 30336K, reserved 1081344K
  class space    used 3955K, committed 4160K, reserved 1048576K
}
Event: 38.345 GC heap after
{Heap after GC invocations=17 (full 0):
 garbage-first heap   total 305152K, used 75453K [0x0000000718800000, 0x0000000800000000)
  region size 2048K, 2 young (4096K), 2 survivors (4096K)
 Metaspace       used 29970K, committed 30336K, reserved 1081344K
  class space    used 3955K, committed 4160K, reserved 1048576K
}
Event: 38.492 GC heap before
{Heap before GC invocations=17 (full 0):
 garbage-first heap   total 305152K, used 143037K [0x0000000718800000, 0x0000000800000000)
  region size 2048K, 6 young (12288K), 2 survivors (4096K)
 Metaspace       used 29986K, committed 30336K, reserved 1081344K
  class space    used 3955K, committed 4160K, reserved 1048576K
}
Event: 38.495 GC heap after
{Heap after GC invocations=18 (full 0):
 garbage-first heap   total 305152K, used 93460K [0x0000000718800000, 0x0000000800000000)
  region size 2048K, 3 young (6144K), 3 survivors (6144K)
 Metaspace       used 29986K, committed 30336K, reserved 1081344K
  class space    used 3955K, committed 4160K, reserved 1048576K
}
Event: 38.613 GC heap before
{Heap before GC invocations=18 (full 0):
 garbage-first heap   total 305152K, used 142612K [0x0000000718800000, 0x0000000800000000)
  region size 2048K, 7 young (14336K), 3 survivors (6144K)
 Metaspace       used 30000K, committed 30400K, reserved 1081344K
  class space    used 3955K, committed 4160K, reserved 1048576K
}
Event: 38.616 GC heap after
{Heap after GC invocations=19 (full 0):
 garbage-first heap   total 305152K, used 123723K [0x0000000718800000, 0x0000000800000000)
  region size 2048K, 4 young (8192K), 4 survivors (8192K)
 Metaspace       used 30000K, committed 30400K, reserved 1081344K
  class space    used 3955K, committed 4160K, reserved 1048576K
}
Event: 38.781 GC heap before
{Heap before GC invocations=19 (full 0):
 garbage-first heap   total 305152K, used 144203K [0x0000000718800000, 0x0000000800000000)
  region size 2048K, 8 young (16384K), 4 survivors (8192K)
 Metaspace       used 30003K, committed 30400K, reserved 1081344K
  class space    used 3955K, committed 4160K, reserved 1048576K
}
Event: 38.783 GC heap after
{Heap after GC invocations=20 (full 0):
 garbage-first heap   total 305152K, used 139097K [0x0000000718800000, 0x0000000800000000)
  region size 2048K, 3 young (6144K), 3 survivors (6144K)
 Metaspace       used 30003K, committed 30400K, reserved 1081344K
  class space    used 3955K, committed 4160K, reserved 1048576K
}
Event: 38.793 GC heap before
{Heap before GC invocations=20 (full 0):
 garbage-first heap   total 305152K, used 143193K [0x0000000718800000, 0x0000000800000000)
  region size 2048K, 4 young (8192K), 3 survivors (6144K)
 Metaspace       used 30003K, committed 30400K, reserved 1081344K
  class space    used 3955K, committed 4160K, reserved 1048576K
}
Event: 38.796 GC heap after
{Heap after GC invocations=21 (full 0):
 garbage-first heap   total 382976K, used 139068K [0x0000000718800000, 0x0000000800000000)
  region size 2048K, 3 young (6144K), 3 survivors (6144K)
 Metaspace       used 30003K, committed 30400K, reserved 1081344K
  class space    used 3955K, committed 4160K, reserved 1048576K
}
Event: 38.907 GC heap before
{Heap before GC invocations=21 (full 0):
 garbage-first heap   total 382976K, used 173884K [0x0000000718800000, 0x0000000800000000)
  region size 2048K, 5 young (10240K), 3 survivors (6144K)
 Metaspace       used 30003K, committed 30400K, reserved 1081344K
  class space    used 3955K, committed 4160K, reserved 1048576K
}
Event: 38.910 GC heap after
{Heap after GC invocations=22 (full 0):
 garbage-first heap   total 382976K, used 155813K [0x0000000718800000, 0x0000000800000000)
  region size 2048K, 3 young (6144K), 3 survivors (6144K)
 Metaspace       used 30003K, committed 30400K, reserved 1081344K
  class space    used 3955K, committed 4160K, reserved 1048576K
}
Event: 38.956 GC heap before
{Heap before GC invocations=22 (full 0):
 garbage-first heap   total 382976K, used 172197K [0x0000000718800000, 0x0000000800000000)
  region size 2048K, 4 young (8192K), 3 survivors (6144K)
 Metaspace       used 30003K, committed 30400K, reserved 1081344K
  class space    used 3955K, committed 4160K, reserved 1048576K
}
Event: 38.959 GC heap after
{Heap after GC invocations=23 (full 0):
 garbage-first heap   total 382976K, used 163968K [0x0000000718800000, 0x0000000800000000)
  region size 2048K, 3 young (6144K), 3 survivors (6144K)
 Metaspace       used 30003K, committed 30400K, reserved 1081344K
  class space    used 3955K, committed 4160K, reserved 1048576K
}
Event: 38.984 GC heap before
{Heap before GC invocations=23 (full 0):
 garbage-first heap   total 382976K, used 172160K [0x0000000718800000, 0x0000000800000000)
  region size 2048K, 4 young (8192K), 3 survivors (6144K)
 Metaspace       used 30005K, committed 30400K, reserved 1081344K
  class space    used 3955K, committed 4160K, reserved 1048576K
}
Event: 38.986 GC heap after
{Heap after GC invocations=24 (full 0):
 garbage-first heap   total 382976K, used 168178K [0x0000000718800000, 0x0000000800000000)
  region size 2048K, 3 young (6144K), 3 survivors (6144K)
 Metaspace       used 30005K, committed 30400K, reserved 1081344K
  class space    used 3955K, committed 4160K, reserved 1048576K
}
Event: 39.001 GC heap before
{Heap before GC invocations=24 (full 0):
 garbage-first heap   total 382976K, used 172274K [0x0000000718800000, 0x0000000800000000)
  region size 2048K, 4 young (8192K), 3 survivors (6144K)
 Metaspace       used 30005K, committed 30400K, reserved 1081344K
  class space    used 3955K, committed 4160K, reserved 1048576K
}
Event: 39.005 GC heap after
{Heap after GC invocations=25 (full 0):
 garbage-first heap   total 765952K, used 172170K [0x0000000718800000, 0x0000000800000000)
  region size 2048K, 3 young (6144K), 3 survivors (6144K)
 Metaspace       used 30005K, committed 30400K, reserved 1081344K
  class space    used 3955K, committed 4160K, reserved 1048576K
}
Event: 40.087 GC heap before
{Heap before GC invocations=25 (full 0):
 garbage-first heap   total 765952K, used 592010K [0x0000000718800000, 0x0000000800000000)
  region size 2048K, 191 young (391168K), 3 survivors (6144K)
 Metaspace       used 30994K, committed 31424K, reserved 1081344K
  class space    used 4061K, committed 4288K, reserved 1048576K
}
Event: 40.091 GC heap after
{Heap after GC invocations=26 (full 0):
 garbage-first heap   total 765952K, used 188216K [0x0000000718800000, 0x0000000800000000)
  region size 2048K, 5 young (10240K), 5 survivors (10240K)
 Metaspace       used 30994K, committed 31424K, reserved 1081344K
  class space    used 4061K, committed 4288K, reserved 1048576K
}

